

*******************************************************************************
Sun Feb 18 22:04:29 2018


FIT:    data read from "qs-vs-hs.Msteps" using 1:2
        format = x:z
        x range restricted to [32768.0 : 4.19430e+06]
        #datapoints = 8
        residuals are weighted equally (unit weight)

function used for fitting: y(x)
	y(x)=a*x*log(x)+b*x
fitted parameters initialized with current variable values

iter      chisq       delta/lim  lambda   a             b            
   0 6.0234108072e+15   0.00e+00  1.82e+07    1.000000e+00   1.000000e+00
   7 6.9720840798e-02  -1.16e-07  1.82e+00    1.492955e-06   2.099035e-06

After 7 iterations the fit converged.
final sum of squares of residuals : 0.0697208
rel. change during last iteration : -1.15508e-12

degrees of freedom    (FIT_NDF)                        : 6
rms of residuals      (FIT_STDFIT) = sqrt(WSSR/ndf)    : 0.107797
variance of residuals (reduced chisquare) = WSSR/ndf   : 0.0116201

Final set of parameters            Asymptotic Standard Error
=======================            ==========================
a               = 1.49295e-06      +/- 4.822e-08    (3.23%)
b               = 2.09903e-06      +/- 7.245e-07    (34.52%)

correlation matrix of the fit parameters:
                a      b      
a               1.000 
b              -1.000  1.000 


*******************************************************************************
Sun Feb 18 22:04:29 2018


FIT:    data read from "qs-vs-hs.Msteps" using 1:3
        format = x:z
        x range restricted to [32768.0 : 4.19430e+06]
        #datapoints = 8
        residuals are weighted equally (unit weight)

function used for fitting: h(x)
	h(x)=a*x*log(x)+b*x
fitted parameters initialized with current variable values

iter      chisq       delta/lim  lambda   a             b            
   0 2.2319698639e+01   0.00e+00  2.73e+01    1.492955e-06   2.099035e-06
   6 5.0911183352e-03  -1.35e-08  2.73e-05    1.463417e-06   1.567377e-06

After 6 iterations the fit converged.
final sum of squares of residuals : 0.00509112
rel. change during last iteration : -1.3459e-13

degrees of freedom    (FIT_NDF)                        : 6
rms of residuals      (FIT_STDFIT) = sqrt(WSSR/ndf)    : 0.0291294
variance of residuals (reduced chisquare) = WSSR/ndf   : 0.00084852

Final set of parameters            Asymptotic Standard Error
=======================            ==========================
a               = 1.46342e-06      +/- 1.303e-08    (0.8904%)
b               = 1.56738e-06      +/- 1.958e-07    (12.49%)

correlation matrix of the fit parameters:
                a      b      
a               1.000 
b              -1.000  1.000 


*******************************************************************************
Sun Feb 18 22:04:29 2018


FIT:    data read from "qs-vs-hs.Msteps" using 1:4
        format = x:z
        x range restricted to [32768.0 : 4.19430e+06]
        #datapoints = 8
        residuals are weighted equally (unit weight)

function used for fitting: y(x)
	y(x)=a*x*log(x)+b*x
fitted parameters initialized with current variable values

iter      chisq       delta/lim  lambda   a             b            
   0 1.9437336563e+02   0.00e+00  2.67e+01    1.463417e-06   1.567377e-06
   6 3.2226212747e-07  -4.17e-02  2.67e-05    1.442718e-06  -1.000419e-06

After 6 iterations the fit converged.
final sum of squares of residuals : 3.22262e-07
rel. change during last iteration : -4.16875e-07

degrees of freedom    (FIT_NDF)                        : 6
rms of residuals      (FIT_STDFIT) = sqrt(WSSR/ndf)    : 0.000231755
variance of residuals (reduced chisquare) = WSSR/ndf   : 5.37104e-08

Final set of parameters            Asymptotic Standard Error
=======================            ==========================
a               = 1.44272e-06      +/- 1.037e-10    (0.007186%)
b               = -1.00042e-06     +/- 1.558e-09    (0.1557%)

correlation matrix of the fit parameters:
                a      b      
a               1.000 
b              -1.000  1.000 


*******************************************************************************
Sun Feb 18 22:04:29 2018


FIT:    data read from "qs-vs-hs.Msteps" using 1:5
        format = x:z
        x range restricted to [32768.0 : 4.19430e+06]
        #datapoints = 8
        residuals are weighted equally (unit weight)

function used for fitting: h(x)
	h(x)=a*x*log(x)+b*x
fitted parameters initialized with current variable values

iter      chisq       delta/lim  lambda   a             b            
   0 1.9572227010e+02   0.00e+00  2.63e+01    1.442718e-06  -1.000419e-06
   6 1.0091829540e-02  -7.70e-05  2.63e-05    1.459825e-06   1.631214e-06

After 6 iterations the fit converged.
final sum of squares of residuals : 0.0100918
rel. change during last iteration : -7.70019e-10

degrees of freedom    (FIT_NDF)                        : 6
rms of residuals      (FIT_STDFIT) = sqrt(WSSR/ndf)    : 0.0410118
variance of residuals (reduced chisquare) = WSSR/ndf   : 0.00168197

Final set of parameters            Asymptotic Standard Error
=======================            ==========================
a               = 1.45983e-06      +/- 1.835e-08    (1.257%)
b               = 1.63121e-06      +/- 2.756e-07    (16.9%)

correlation matrix of the fit parameters:
                a      b      
a               1.000 
b              -1.000  1.000 


*******************************************************************************
Sun Feb 18 22:04:29 2018


FIT:    data read from "qs-vs-hs.Msteps" using 1:6
        format = x:z
        x range restricted to [32768.0 : 4.19430e+06]
        #datapoints = 8
        residuals are weighted equally (unit weight)

function used for fitting: y(x)
	y(x)=a*x*log(x)+b*x
fitted parameters initialized with current variable values

iter      chisq       delta/lim  lambda   a             b            
   0 2.6931449562e+02   0.00e+00  2.66e+01    1.459825e-06   1.631214e-06
   6 7.8677651550e-07  -1.68e-02  2.66e-05    1.442513e-06  -1.497251e-06

After 6 iterations the fit converged.
final sum of squares of residuals : 7.86777e-07
rel. change during last iteration : -1.68319e-07

degrees of freedom    (FIT_NDF)                        : 6
rms of residuals      (FIT_STDFIT) = sqrt(WSSR/ndf)    : 0.000362118
variance of residuals (reduced chisquare) = WSSR/ndf   : 1.31129e-07

Final set of parameters            Asymptotic Standard Error
=======================            ==========================
a               = 1.44251e-06      +/- 1.62e-10     (0.01123%)
b               = -1.49725e-06     +/- 2.434e-09    (0.1626%)

correlation matrix of the fit parameters:
                a      b      
a               1.000 
b              -1.000  1.000 


*******************************************************************************
Sun Feb 18 22:04:29 2018


FIT:    data read from "qs-vs-hs.Msteps" using 1:7
        format = x:z
        x range restricted to [32768.0 : 4.19430e+06]
        #datapoints = 8
        residuals are weighted equally (unit weight)

function used for fitting: h(x)
	h(x)=a*x*log(x)+b*x
fitted parameters initialized with current variable values

iter      chisq       delta/lim  lambda   a             b            
   0 2.6932458666e+02   0.00e+00  2.63e+01    1.442513e-06  -1.497251e-06
   6 1.0091829540e-02  -2.67e-06  2.63e-05    1.459825e-06   1.631214e-06

After 6 iterations the fit converged.
final sum of squares of residuals : 0.0100918
rel. change during last iteration : -2.66963e-11

degrees of freedom    (FIT_NDF)                        : 6
rms of residuals      (FIT_STDFIT) = sqrt(WSSR/ndf)    : 0.0410118
variance of residuals (reduced chisquare) = WSSR/ndf   : 0.00168197

Final set of parameters            Asymptotic Standard Error
=======================            ==========================
a               = 1.45983e-06      +/- 1.835e-08    (1.257%)
b               = 1.63121e-06      +/- 2.756e-07    (16.9%)

correlation matrix of the fit parameters:
                a      b      
a               1.000 
b              -1.000  1.000 
